[ 50%] Built target patrol_exe
[ 75%] [32mBuilding CXX object CMakeFiles/patrol_real_exe.dir/src/patrol_real_robot.cpp.o[0m
[100%] [32m[1mLinking CXX executable patrol_real_exe[0m
[100%] Built target patrol_real_exe
-- Install configuration: ""
-- Up-to-date: /home/user/ros2_ws/src/install/robot_patrol/share/ament_index/resource_index/package_run_dependencies/robot_patrol
-- Up-to-date: /home/user/ros2_ws/src/install/robot_patrol/share/ament_index/resource_index/parent_prefix_path/robot_patrol
-- Up-to-date: /home/user/ros2_ws/src/install/robot_patrol/share/robot_patrol/environment/ament_prefix_path.sh
-- Up-to-date: /home/user/ros2_ws/src/install/robot_patrol/share/robot_patrol/environment/ament_prefix_path.dsv
-- Up-to-date: /home/user/ros2_ws/src/install/robot_patrol/share/robot_patrol/environment/path.sh
-- Up-to-date: /home/user/ros2_ws/src/install/robot_patrol/share/robot_patrol/environment/path.dsv
-- Up-to-date: /home/user/ros2_ws/src/install/robot_patrol/share/robot_patrol/local_setup.bash
-- Up-to-date: /home/user/ros2_ws/src/install/robot_patrol/share/robot_patrol/local_setup.sh
-- Up-to-date: /home/user/ros2_ws/src/install/robot_patrol/share/robot_patrol/local_setup.zsh
-- Up-to-date: /home/user/ros2_ws/src/install/robot_patrol/share/robot_patrol/local_setup.dsv
-- Installing: /home/user/ros2_ws/src/install/robot_patrol/share/robot_patrol/package.dsv
-- Up-to-date: /home/user/ros2_ws/src/install/robot_patrol/share/ament_index/resource_index/packages/robot_patrol
-- Up-to-date: /home/user/ros2_ws/src/install/robot_patrol/share/robot_patrol/cmake/robot_patrolConfig.cmake
-- Up-to-date: /home/user/ros2_ws/src/install/robot_patrol/share/robot_patrol/cmake/robot_patrolConfig-version.cmake
-- Up-to-date: /home/user/ros2_ws/src/install/robot_patrol/share/robot_patrol/package.xml
-- Up-to-date: /home/user/ros2_ws/src/install/robot_patrol/lib/robot_patrol/patrol_exe
-- Up-to-date: /home/user/ros2_ws/src/install/robot_patrol/share/robot_patrol/launch
-- Up-to-date: /home/user/ros2_ws/src/install/robot_patrol/share/robot_patrol/launch/start_patrolling_real_robot.launch.py
-- Up-to-date: /home/user/ros2_ws/src/install/robot_patrol/share/robot_patrol/launch/start_patrolling.launch.py
-- Installing: /home/user/ros2_ws/src/install/robot_patrol/lib/robot_patrol/patrol_real_exe
-- Set runtime path of "/home/user/ros2_ws/src/install/robot_patrol/lib/robot_patrol/patrol_real_exe" to ""
