[0.026s] Invoking command in '/home/user/ros2_ws/src/build/robot_patrol': CMAKE_PREFIX_PATH=${CMAKE_PREFIX_PATH}:/home/user/install/turtlebot3_teleop:/home/user/install/turtlebot3_example:/home/simulations/ros2_sims_ws/install/rclrs_tests:/home/simulations/ros2_sims_ws/install/examples_rclrs_minimal_client_service:/home/simulations/ros2_sims_ws/install/sensor_msgs_py:/home/simulations/ros2_sims_ws/install/examples_rclrs_minimal_pub_sub:/home/simulations/ros2_sims_ws/install/examples_rclrs_message_demo:/home/simulations/ros2_sims_ws/install/rclrs:/home/simulations/ros2_sims_ws/install/rosidl_runtime_rs:/opt/ros/humble _=/usr/bin/env /usr/bin/cmake /home/user/ros2_ws/src/citylab_project/robot_patrol -DCMAKE_INSTALL_PREFIX=/home/user/ros2_ws/src/install/robot_patrol
[0.041s] -- Found ament_cmake: 1.3.4 (/opt/ros/humble/share/ament_cmake/cmake)
[0.231s] -- Found rclcpp: 16.0.4 (/opt/ros/humble/share/rclcpp/cmake)
[0.265s] -- Found rosidl_generator_c: 3.1.4 (/opt/ros/humble/share/rosidl_generator_c/cmake)
[0.267s] -- Found rosidl_adapter: 3.1.4 (/opt/ros/humble/share/rosidl_adapter/cmake)
[0.274s] -- Found rosidl_generator_cpp: 3.1.4 (/opt/ros/humble/share/rosidl_generator_cpp/cmake)
[0.286s] -- Using all available rosidl_typesupport_c: rosidl_typesupport_fastrtps_c;rosidl_typesupport_introspection_c
[0.305s] -- Using all available rosidl_typesupport_cpp: rosidl_typesupport_fastrtps_cpp;rosidl_typesupport_introspection_cpp
[0.374s] -- Found rmw_implementation_cmake: 6.1.1 (/opt/ros/humble/share/rmw_implementation_cmake/cmake)
[0.376s] -- Found rmw_fastrtps_cpp: 6.2.2 (/opt/ros/humble/share/rmw_fastrtps_cpp/cmake)
[0.567s] -- Using RMW implementation 'rmw_fastrtps_cpp' as default
[0.743s] -- Found sensor_msgs: 4.2.3 (/home/simulations/ros2_sims_ws/install/sensor_msgs/share/sensor_msgs/cmake)
[0.883s] -- Found nav_msgs: 4.2.3 (/home/simulations/ros2_sims_ws/install/nav_msgs/share/nav_msgs/cmake)
[0.981s] -- Found ament_lint_auto: 0.12.6 (/opt/ros/humble/share/ament_lint_auto/cmake)
[1.066s] -- Added test 'cppcheck' to perform static code analysis on C / C++ code
[1.066s] -- Configured cppcheck include dirs: 
[1.066s] -- Configured cppcheck exclude dirs and/or files: 
[1.066s] -- Added test 'flake8' to check Python code syntax and style conventions
[1.066s] -- Added test 'lint_cmake' to check CMake code style
[1.067s] -- Added test 'pep257' to check Python code against some of the docstring style conventions in PEP 257
[1.068s] -- Added test 'uncrustify' to check C / C++ code style
[1.068s] -- Configured uncrustify additional arguments: 
[1.069s] -- Added test 'xmllint' to check XML markup files
[1.074s] [31mCMake Error at /opt/ros/humble/share/ament_cmake_target_dependencies/cmake/ament_target_dependencies.cmake:42 (message):
[1.075s]   ament_target_dependencies() the first argument must be a valid target name
[1.075s] Call Stack (most recent call first):
[1.075s]   CMakeLists.txt:35 (ament_target_dependencies)
[1.075s] 
[1.075s] [0m
[1.075s] -- Configuring incomplete, errors occurred!
[1.075s] See also "/home/user/ros2_ws/src/build/robot_patrol/CMakeFiles/CMakeOutput.log".
[1.084s] Invoked command in '/home/user/ros2_ws/src/build/robot_patrol' returned '1': CMAKE_PREFIX_PATH=${CMAKE_PREFIX_PATH}:/home/user/install/turtlebot3_teleop:/home/user/install/turtlebot3_example:/home/simulations/ros2_sims_ws/install/rclrs_tests:/home/simulations/ros2_sims_ws/install/examples_rclrs_minimal_client_service:/home/simulations/ros2_sims_ws/install/sensor_msgs_py:/home/simulations/ros2_sims_ws/install/examples_rclrs_minimal_pub_sub:/home/simulations/ros2_sims_ws/install/examples_rclrs_message_demo:/home/simulations/ros2_sims_ws/install/rclrs:/home/simulations/ros2_sims_ws/install/rosidl_runtime_rs:/opt/ros/humble _=/usr/bin/env /usr/bin/cmake /home/user/ros2_ws/src/citylab_project/robot_patrol -DCMAKE_INSTALL_PREFIX=/home/user/ros2_ws/src/install/robot_patrol
