[0.443s] DEBUG:colcon:Command line arguments: ['/usr/bin/colcon', 'build']
[0.443s] DEBUG:colcon:Parsed command line arguments: Namespace(log_base=None, log_level=None, verb_name='build', build_base='build', install_base='install', merge_install=False, symlink_install=False, test_result_base=None, continue_on_error=False, executor='parallel', parallel_workers=8, event_handlers=None, ignore_user_meta=False, metas=['./colcon.meta'], base_paths=['.'], packages_ignore=None, packages_ignore_regex=None, paths=None, packages_up_to=None, packages_up_to_regex=None, packages_above=None, packages_above_and_dependencies=None, packages_above_depth=None, packages_select_by_dep=None, packages_skip_by_dep=None, packages_skip_up_to=None, packages_select_build_failed=False, packages_skip_build_finished=False, packages_select_test_failures=False, packages_skip_test_passed=False, packages_select=None, packages_skip=None, packages_select_regex=None, packages_skip_regex=None, packages_start=None, packages_end=None, lookup_in_workspace=False, cargo_args=None, clean_build=False, cmake_args=None, cmake_target=None, cmake_target_skip_unavailable=False, cmake_clean_cache=False, cmake_clean_first=False, cmake_force_configure=False, ament_cmake_args=None, catkin_cmake_args=None, catkin_skip_building_tests=False, mixin_files=None, mixin=None, verb_parser=<colcon_mixin.mixin.mixin_argument.MixinArgumentDecorator object at 0x7f147251f940>, verb_extension=<colcon_core.verb.build.BuildVerb object at 0x7f1472497460>, main=<bound method BuildVerb.main of <colcon_core.verb.build.BuildVerb object at 0x7f1472497460>>, mixin_verb=('build',))
[0.468s] Level 1:colcon.colcon_core.package_discovery:discover_packages(colcon_meta) check parameters
[0.468s] Level 1:colcon.colcon_core.package_discovery:discover_packages(recursive) check parameters
[0.468s] Level 1:colcon.colcon_core.package_discovery:discover_packages(ignore) check parameters
[0.468s] Level 1:colcon.colcon_core.package_discovery:discover_packages(path) check parameters
[0.468s] Level 1:colcon.colcon_core.package_discovery:discover_packages(colcon_meta) discover
[0.468s] Level 1:colcon.colcon_core.package_discovery:discover_packages(recursive) discover
[0.468s] INFO:colcon.colcon_core.package_discovery:Crawling recursively for packages in '/home/user/ros2_ws/src'
[0.468s] Level 1:colcon.colcon_core.package_identification:_identify(.) by extensions ['ignore', 'ignore_ament_install']
[0.468s] Level 1:colcon.colcon_core.package_identification:_identify(.) by extension 'ignore'
[0.468s] Level 1:colcon.colcon_core.package_identification:_identify(.) by extension 'ignore_ament_install'
[0.468s] Level 1:colcon.colcon_core.package_identification:_identify(.) by extensions ['colcon_pkg']
[0.468s] Level 1:colcon.colcon_core.package_identification:_identify(.) by extension 'colcon_pkg'
[0.468s] Level 1:colcon.colcon_core.package_identification:_identify(.) by extensions ['colcon_meta']
[0.468s] Level 1:colcon.colcon_core.package_identification:_identify(.) by extension 'colcon_meta'
[0.468s] Level 1:colcon.colcon_core.package_identification:_identify(.) by extensions ['ament_cargo']
[0.468s] Level 1:colcon.colcon_core.package_identification:_identify(.) by extension 'ament_cargo'
[0.469s] Level 1:colcon.colcon_core.package_identification:_identify(.) by extensions ['ros']
[0.469s] Level 1:colcon.colcon_core.package_identification:_identify(.) by extension 'ros'
[0.480s] Level 1:colcon.colcon_core.package_identification:_identify(.) by extensions ['cargo', 'cmake', 'python']
[0.480s] Level 1:colcon.colcon_core.package_identification:_identify(.) by extension 'cargo'
[0.481s] Level 1:colcon.colcon_core.package_identification:_identify(.) by extension 'cmake'
[0.481s] Level 1:colcon.colcon_core.package_identification:_identify(.) by extension 'python'
[0.481s] Level 1:colcon.colcon_core.package_identification:_identify(.) by extensions ['python_setup_py']
[0.481s] Level 1:colcon.colcon_core.package_identification:_identify(.) by extension 'python_setup_py'
[0.481s] Level 1:colcon.colcon_core.package_identification:_identify(build) by extensions ['ignore', 'ignore_ament_install']
[0.481s] Level 1:colcon.colcon_core.package_identification:_identify(build) by extension 'ignore'
[0.481s] Level 1:colcon.colcon_core.package_identification:_identify(build) ignored
[0.481s] Level 1:colcon.colcon_core.package_identification:_identify(citylab_project) by extensions ['ignore', 'ignore_ament_install']
[0.481s] Level 1:colcon.colcon_core.package_identification:_identify(citylab_project) by extension 'ignore'
[0.481s] Level 1:colcon.colcon_core.package_identification:_identify(citylab_project) by extension 'ignore_ament_install'
[0.481s] Level 1:colcon.colcon_core.package_identification:_identify(citylab_project) by extensions ['colcon_pkg']
[0.481s] Level 1:colcon.colcon_core.package_identification:_identify(citylab_project) by extension 'colcon_pkg'
[0.481s] Level 1:colcon.colcon_core.package_identification:_identify(citylab_project) by extensions ['colcon_meta']
[0.481s] Level 1:colcon.colcon_core.package_identification:_identify(citylab_project) by extension 'colcon_meta'
[0.481s] Level 1:colcon.colcon_core.package_identification:_identify(citylab_project) by extensions ['ament_cargo']
[0.481s] Level 1:colcon.colcon_core.package_identification:_identify(citylab_project) by extension 'ament_cargo'
[0.482s] Level 1:colcon.colcon_core.package_identification:_identify(citylab_project) by extensions ['ros']
[0.482s] Level 1:colcon.colcon_core.package_identification:_identify(citylab_project) by extension 'ros'
[0.482s] Level 1:colcon.colcon_core.package_identification:_identify(citylab_project) by extensions ['cargo', 'cmake', 'python']
[0.482s] Level 1:colcon.colcon_core.package_identification:_identify(citylab_project) by extension 'cargo'
[0.482s] Level 1:colcon.colcon_core.package_identification:_identify(citylab_project) by extension 'cmake'
[0.482s] Level 1:colcon.colcon_core.package_identification:_identify(citylab_project) by extension 'python'
[0.482s] Level 1:colcon.colcon_core.package_identification:_identify(citylab_project) by extensions ['python_setup_py']
[0.482s] Level 1:colcon.colcon_core.package_identification:_identify(citylab_project) by extension 'python_setup_py'
[0.482s] Level 1:colcon.colcon_core.package_identification:_identify(citylab_project/robot_patrol) by extensions ['ignore', 'ignore_ament_install']
[0.482s] Level 1:colcon.colcon_core.package_identification:_identify(citylab_project/robot_patrol) by extension 'ignore'
[0.482s] Level 1:colcon.colcon_core.package_identification:_identify(citylab_project/robot_patrol) by extension 'ignore_ament_install'
[0.482s] Level 1:colcon.colcon_core.package_identification:_identify(citylab_project/robot_patrol) by extensions ['colcon_pkg']
[0.482s] Level 1:colcon.colcon_core.package_identification:_identify(citylab_project/robot_patrol) by extension 'colcon_pkg'
[0.482s] Level 1:colcon.colcon_core.package_identification:_identify(citylab_project/robot_patrol) by extensions ['colcon_meta']
[0.482s] Level 1:colcon.colcon_core.package_identification:_identify(citylab_project/robot_patrol) by extension 'colcon_meta'
[0.482s] Level 1:colcon.colcon_core.package_identification:_identify(citylab_project/robot_patrol) by extensions ['ament_cargo']
[0.482s] Level 1:colcon.colcon_core.package_identification:_identify(citylab_project/robot_patrol) by extension 'ament_cargo'
[0.482s] Level 1:colcon.colcon_core.package_identification:_identify(citylab_project/robot_patrol) by extensions ['ros']
[0.482s] Level 1:colcon.colcon_core.package_identification:_identify(citylab_project/robot_patrol) by extension 'ros'
[0.485s] DEBUG:colcon.colcon_core.package_identification:Package 'citylab_project/robot_patrol' with type 'ros.ament_cmake' and name 'robot_patrol'
[0.485s] Level 1:colcon.colcon_core.package_identification:_identify(install) by extensions ['ignore', 'ignore_ament_install']
[0.485s] Level 1:colcon.colcon_core.package_identification:_identify(install) by extension 'ignore'
[0.485s] Level 1:colcon.colcon_core.package_identification:_identify(install) ignored
[0.485s] Level 1:colcon.colcon_core.package_identification:_identify(log) by extensions ['ignore', 'ignore_ament_install']
[0.485s] Level 1:colcon.colcon_core.package_identification:_identify(log) by extension 'ignore'
[0.485s] Level 1:colcon.colcon_core.package_identification:_identify(log) ignored
[0.485s] Level 1:colcon.colcon_core.package_discovery:discover_packages(recursive) using defaults
[0.486s] Level 1:colcon.colcon_core.package_discovery:discover_packages(ignore) discover
[0.486s] Level 1:colcon.colcon_core.package_discovery:discover_packages(ignore) using defaults
[0.486s] Level 1:colcon.colcon_core.package_discovery:discover_packages(path) discover
[0.486s] Level 1:colcon.colcon_core.package_discovery:discover_packages(path) using defaults
[0.512s] Level 5:colcon.colcon_core.verb:set package 'robot_patrol' build argument 'lookup_in_workspace' from command line to 'False'
[0.512s] Level 5:colcon.colcon_core.verb:set package 'robot_patrol' build argument 'cargo_args' from command line to 'None'
[0.512s] Level 5:colcon.colcon_core.verb:set package 'robot_patrol' build argument 'clean_build' from command line to 'False'
[0.512s] Level 5:colcon.colcon_core.verb:set package 'robot_patrol' build argument 'cmake_args' from command line to 'None'
[0.512s] Level 5:colcon.colcon_core.verb:set package 'robot_patrol' build argument 'cmake_target' from command line to 'None'
[0.512s] Level 5:colcon.colcon_core.verb:set package 'robot_patrol' build argument 'cmake_target_skip_unavailable' from command line to 'False'
[0.512s] Level 5:colcon.colcon_core.verb:set package 'robot_patrol' build argument 'cmake_clean_cache' from command line to 'False'
[0.512s] Level 5:colcon.colcon_core.verb:set package 'robot_patrol' build argument 'cmake_clean_first' from command line to 'False'
[0.512s] Level 5:colcon.colcon_core.verb:set package 'robot_patrol' build argument 'cmake_force_configure' from command line to 'False'
[0.512s] Level 5:colcon.colcon_core.verb:set package 'robot_patrol' build argument 'ament_cmake_args' from command line to 'None'
[0.512s] Level 5:colcon.colcon_core.verb:set package 'robot_patrol' build argument 'catkin_cmake_args' from command line to 'None'
[0.512s] Level 5:colcon.colcon_core.verb:set package 'robot_patrol' build argument 'catkin_skip_building_tests' from command line to 'False'
[0.512s] DEBUG:colcon.colcon_core.verb:Building package 'robot_patrol' with the following arguments: {'ament_cmake_args': None, 'build_base': '/home/user/ros2_ws/src/build/robot_patrol', 'cargo_args': None, 'catkin_cmake_args': None, 'catkin_skip_building_tests': False, 'clean_build': False, 'cmake_args': None, 'cmake_clean_cache': False, 'cmake_clean_first': False, 'cmake_force_configure': False, 'cmake_target': None, 'cmake_target_skip_unavailable': False, 'install_base': '/home/user/ros2_ws/src/install/robot_patrol', 'lookup_in_workspace': False, 'merge_install': False, 'path': '/home/user/ros2_ws/src/citylab_project/robot_patrol', 'symlink_install': False, 'test_result_base': None}
[0.513s] INFO:colcon.colcon_core.executor:Executing jobs using 'parallel' executor
[0.516s] DEBUG:colcon.colcon_parallel_executor.executor.parallel:run_until_complete
[0.516s] INFO:colcon.colcon_ros.task.ament_cmake.build:Building ROS package in '/home/user/ros2_ws/src/citylab_project/robot_patrol' with build type 'ament_cmake'
[0.516s] INFO:colcon.colcon_cmake.task.cmake.build:Building CMake package in '/home/user/ros2_ws/src/citylab_project/robot_patrol'
[0.521s] INFO:colcon.colcon_core.plugin_system:Skipping extension 'colcon_core.shell.bat': Not used on non-Windows systems
[0.521s] INFO:colcon.colcon_core.shell:Skip shell extension 'powershell' for command environment: Not usable outside of PowerShell
[0.521s] DEBUG:colcon.colcon_core.shell:Skip shell extension 'dsv' for command environment
[0.539s] DEBUG:colcon.colcon_core.event_handler.log_command:Invoking command in '/home/user/ros2_ws/src/build/robot_patrol': CMAKE_PREFIX_PATH=${CMAKE_PREFIX_PATH}:/home/simulations/ros2_sims_ws/install/rclrs_tests:/home/simulations/ros2_sims_ws/install/examples_rclrs_minimal_client_service:/home/simulations/ros2_sims_ws/install/sensor_msgs_py:/home/simulations/ros2_sims_ws/install/examples_rclrs_minimal_pub_sub:/home/simulations/ros2_sims_ws/install/examples_rclrs_message_demo:/home/simulations/ros2_sims_ws/install/rclrs:/home/simulations/ros2_sims_ws/install/rosidl_runtime_rs:/opt/ros/humble _=/usr/bin/env /usr/bin/cmake --build /home/user/ros2_ws/src/build/robot_patrol -- -j8 -l8
[11.912s] DEBUG:colcon.colcon_core.event_handler.log_command:Invoked command in '/home/user/ros2_ws/src/build/robot_patrol' returned '0': CMAKE_PREFIX_PATH=${CMAKE_PREFIX_PATH}:/home/simulations/ros2_sims_ws/install/rclrs_tests:/home/simulations/ros2_sims_ws/install/examples_rclrs_minimal_client_service:/home/simulations/ros2_sims_ws/install/sensor_msgs_py:/home/simulations/ros2_sims_ws/install/examples_rclrs_minimal_pub_sub:/home/simulations/ros2_sims_ws/install/examples_rclrs_message_demo:/home/simulations/ros2_sims_ws/install/rclrs:/home/simulations/ros2_sims_ws/install/rosidl_runtime_rs:/opt/ros/humble _=/usr/bin/env /usr/bin/cmake --build /home/user/ros2_ws/src/build/robot_patrol -- -j8 -l8
[11.975s] DEBUG:colcon.colcon_core.event_handler.log_command:Invoking command in '/home/user/ros2_ws/src/build/robot_patrol': CMAKE_PREFIX_PATH=${CMAKE_PREFIX_PATH}:/home/simulations/ros2_sims_ws/install/rclrs_tests:/home/simulations/ros2_sims_ws/install/examples_rclrs_minimal_client_service:/home/simulations/ros2_sims_ws/install/sensor_msgs_py:/home/simulations/ros2_sims_ws/install/examples_rclrs_minimal_pub_sub:/home/simulations/ros2_sims_ws/install/examples_rclrs_message_demo:/home/simulations/ros2_sims_ws/install/rclrs:/home/simulations/ros2_sims_ws/install/rosidl_runtime_rs:/opt/ros/humble _=/usr/bin/env /usr/bin/cmake --install /home/user/ros2_ws/src/build/robot_patrol
[11.997s] Level 1:colcon.colcon_core.environment:create_environment_scripts_only(robot_patrol)
[11.998s] DEBUG:colcon.colcon_core.event_handler.log_command:Invoked command in '/home/user/ros2_ws/src/build/robot_patrol' returned '0': CMAKE_PREFIX_PATH=${CMAKE_PREFIX_PATH}:/home/simulations/ros2_sims_ws/install/rclrs_tests:/home/simulations/ros2_sims_ws/install/examples_rclrs_minimal_client_service:/home/simulations/ros2_sims_ws/install/sensor_msgs_py:/home/simulations/ros2_sims_ws/install/examples_rclrs_minimal_pub_sub:/home/simulations/ros2_sims_ws/install/examples_rclrs_message_demo:/home/simulations/ros2_sims_ws/install/rclrs:/home/simulations/ros2_sims_ws/install/rosidl_runtime_rs:/opt/ros/humble _=/usr/bin/env /usr/bin/cmake --install /home/user/ros2_ws/src/build/robot_patrol
[12.003s] Level 1:colcon.colcon_core.environment:checking '/home/user/ros2_ws/src/install/robot_patrol' for CMake module files
[12.003s] Level 1:colcon.colcon_core.environment:checking '/home/user/ros2_ws/src/install/robot_patrol' for CMake config files
[12.003s] Level 1:colcon.colcon_core.shell:create_environment_hook('robot_patrol', 'cmake_prefix_path')
[12.005s] INFO:colcon.colcon_core.shell:Creating environment hook '/home/user/ros2_ws/src/install/robot_patrol/share/robot_patrol/hook/cmake_prefix_path.ps1'
[12.005s] INFO:colcon.colcon_core.shell:Creating environment descriptor '/home/user/ros2_ws/src/install/robot_patrol/share/robot_patrol/hook/cmake_prefix_path.dsv'
[12.006s] INFO:colcon.colcon_core.shell:Creating environment hook '/home/user/ros2_ws/src/install/robot_patrol/share/robot_patrol/hook/cmake_prefix_path.sh'
[12.007s] Level 1:colcon.colcon_core.environment:checking '/home/user/ros2_ws/src/install/robot_patrol/lib'
[12.007s] Level 1:colcon.colcon_core.environment:checking '/home/user/ros2_ws/src/install/robot_patrol/bin'
[12.007s] Level 1:colcon.colcon_core.environment:checking '/home/user/ros2_ws/src/install/robot_patrol/lib/pkgconfig/robot_patrol.pc'
[12.010s] Level 1:colcon.colcon_core.environment:checking '/home/user/ros2_ws/src/install/robot_patrol/lib/python3.10/site-packages'
[12.010s] Level 1:colcon.colcon_core.environment:checking '/home/user/ros2_ws/src/install/robot_patrol/bin'
[12.012s] INFO:colcon.colcon_core.shell:Creating package script '/home/user/ros2_ws/src/install/robot_patrol/share/robot_patrol/package.ps1'
[12.013s] INFO:colcon.colcon_core.shell:Creating package descriptor '/home/user/ros2_ws/src/install/robot_patrol/share/robot_patrol/package.dsv'
[12.014s] INFO:colcon.colcon_core.shell:Creating package script '/home/user/ros2_ws/src/install/robot_patrol/share/robot_patrol/package.sh'
[12.014s] INFO:colcon.colcon_core.shell:Creating package script '/home/user/ros2_ws/src/install/robot_patrol/share/robot_patrol/package.bash'
[12.015s] INFO:colcon.colcon_core.shell:Creating package script '/home/user/ros2_ws/src/install/robot_patrol/share/robot_patrol/package.zsh'
[12.016s] Level 1:colcon.colcon_core.environment:create_file_with_runtime_dependencies(/home/user/ros2_ws/src/install/robot_patrol/share/colcon-core/packages/robot_patrol)
[12.079s] Level 1:colcon.colcon_core.environment:create_environment_scripts_only(robot_patrol)
[12.081s] Level 1:colcon.colcon_core.environment:checking '/home/user/ros2_ws/src/install/robot_patrol' for CMake module files
[12.081s] Level 1:colcon.colcon_core.environment:checking '/home/user/ros2_ws/src/install/robot_patrol' for CMake config files
[12.082s] Level 1:colcon.colcon_core.shell:create_environment_hook('robot_patrol', 'cmake_prefix_path')
[12.083s] INFO:colcon.colcon_core.shell:Creating environment hook '/home/user/ros2_ws/src/install/robot_patrol/share/robot_patrol/hook/cmake_prefix_path.ps1'
[12.084s] INFO:colcon.colcon_core.shell:Creating environment descriptor '/home/user/ros2_ws/src/install/robot_patrol/share/robot_patrol/hook/cmake_prefix_path.dsv'
[12.084s] INFO:colcon.colcon_core.shell:Creating environment hook '/home/user/ros2_ws/src/install/robot_patrol/share/robot_patrol/hook/cmake_prefix_path.sh'
[12.085s] Level 1:colcon.colcon_core.environment:checking '/home/user/ros2_ws/src/install/robot_patrol/lib'
[12.085s] Level 1:colcon.colcon_core.environment:checking '/home/user/ros2_ws/src/install/robot_patrol/bin'
[12.085s] Level 1:colcon.colcon_core.environment:checking '/home/user/ros2_ws/src/install/robot_patrol/lib/pkgconfig/robot_patrol.pc'
[12.085s] Level 1:colcon.colcon_core.environment:checking '/home/user/ros2_ws/src/install/robot_patrol/lib/python3.10/site-packages'
[12.085s] Level 1:colcon.colcon_core.environment:checking '/home/user/ros2_ws/src/install/robot_patrol/bin'
[12.086s] INFO:colcon.colcon_core.shell:Creating package script '/home/user/ros2_ws/src/install/robot_patrol/share/robot_patrol/package.ps1'
[12.087s] INFO:colcon.colcon_core.shell:Creating package descriptor '/home/user/ros2_ws/src/install/robot_patrol/share/robot_patrol/package.dsv'
[12.087s] INFO:colcon.colcon_core.shell:Creating package script '/home/user/ros2_ws/src/install/robot_patrol/share/robot_patrol/package.sh'
[12.088s] INFO:colcon.colcon_core.shell:Creating package script '/home/user/ros2_ws/src/install/robot_patrol/share/robot_patrol/package.bash'
[12.088s] INFO:colcon.colcon_core.shell:Creating package script '/home/user/ros2_ws/src/install/robot_patrol/share/robot_patrol/package.zsh'
[12.088s] Level 1:colcon.colcon_core.environment:create_file_with_runtime_dependencies(/home/user/ros2_ws/src/install/robot_patrol/share/colcon-core/packages/robot_patrol)
[12.089s] DEBUG:colcon.colcon_parallel_executor.executor.parallel:closing loop
[12.089s] DEBUG:colcon.colcon_parallel_executor.executor.parallel:loop closed
[12.089s] DEBUG:colcon.colcon_parallel_executor.executor.parallel:run_until_complete finished with '0'
[12.090s] DEBUG:colcon.colcon_core.event_reactor:joining thread
[12.095s] INFO:colcon.colcon_core.plugin_system:Skipping extension 'colcon_notification.desktop_notification.notify_send': Could not find 'notify-send'
[12.096s] INFO:colcon.colcon_core.plugin_system:Skipping extension 'colcon_notification.desktop_notification.terminal_notifier': Not used on non-Darwin systems
[12.096s] INFO:colcon.colcon_core.plugin_system:Skipping extension 'colcon_notification.desktop_notification.win32': Not used on non-Windows systems
[12.096s] INFO:colcon.colcon_notification.desktop_notification:Sending desktop notification using 'notify2'
[12.098s] DEBUG:colcon.colcon_notification.desktop_notification.notify2:Failed to initialize notify2: org.freedesktop.DBus.Error.Spawn.ExecFailed: /usr/bin/dbus-launch terminated abnormally without any error message
[12.098s] DEBUG:colcon.colcon_core.event_reactor:joined thread
[12.100s] INFO:colcon.colcon_core.shell:Creating prefix script '/home/user/ros2_ws/src/install/local_setup.ps1'
[12.101s] INFO:colcon.colcon_core.shell:Creating prefix util module '/home/user/ros2_ws/src/install/_local_setup_util_ps1.py'
[12.102s] INFO:colcon.colcon_core.shell:Creating prefix chain script '/home/user/ros2_ws/src/install/setup.ps1'
[12.105s] INFO:colcon.colcon_core.shell:Creating prefix script '/home/user/ros2_ws/src/install/local_setup.sh'
[12.105s] INFO:colcon.colcon_core.shell:Creating prefix util module '/home/user/ros2_ws/src/install/_local_setup_util_sh.py'
[12.106s] INFO:colcon.colcon_core.shell:Creating prefix chain script '/home/user/ros2_ws/src/install/setup.sh'
[12.108s] INFO:colcon.colcon_core.shell:Creating prefix script '/home/user/ros2_ws/src/install/local_setup.bash'
[12.109s] INFO:colcon.colcon_core.shell:Creating prefix chain script '/home/user/ros2_ws/src/install/setup.bash'
[12.111s] INFO:colcon.colcon_core.shell:Creating prefix script '/home/user/ros2_ws/src/install/local_setup.zsh'
[12.112s] INFO:colcon.colcon_core.shell:Creating prefix chain script '/home/user/ros2_ws/src/install/setup.zsh'
